[0;34m[INFO][0m Starting PhotoBooth installation on raspberrypi at Mon  8 Sep 22:47:22 EDT 2025
[0;34m[INFO][0m Checking OS compatibility...
[0;32m[SUCCESS][0m OS check completed
[0;34m[INFO][0m Updating system packages...

WARNING: apt does not have a stable CLI interface. Use with caution in scripts.

Hit:1 http://deb.debian.org/debian bookworm InRelease
Hit:2 http://deb.debian.org/debian-security bookworm-security InRelease
Hit:3 http://deb.debian.org/debian bookworm-updates InRelease
Hit:4 http://archive.raspberrypi.com/debian bookworm InRelease
Hit:5 https://download.docker.com/linux/debian bookworm InRelease
Reading package lists...
Building dependency tree...
Reading state information...
All packages are up to date.

WARNING: apt does not have a stable CLI interface. Use with caution in scripts.

Reading package lists...
Building dependency tree...
Reading state information...
Calculating upgrade...
The following package was automatically installed and is no longer required:
  rpicam-apps-lite
Use 'sudo apt autoremove' to remove it.
0 upgraded, 0 newly installed, 0 to remove and 0 not upgraded.
[0;32m[SUCCESS][0m System updated successfully
[0;34m[INFO][0m Installing system dependencies...

WARNING: apt does not have a stable CLI interface. Use with caution in scripts.

Reading package lists...
Building dependency tree...
Reading state information...
python3 is already the newest version (3.11.2-1+b1).
python3-venv is already the newest version (3.11.2-1+b1).
python3-pip is already the newest version (23.0.1+dfsg-1+rpt1).
python3-dev is already the newest version (3.11.2-1+b1).
libjpeg-dev is already the newest version (1:2.1.5-2).
zlib1g-dev is already the newest version (1:1.2.13.dfsg-1+rpt1).
libfreetype6-dev is already the newest version (2.12.1+dfsg-5+deb12u4).
liblcms2-dev is already the newest version (2.14-2).
libopenjp2-7-dev is already the newest version (2.5.0-2+deb12u2).
libtiff5-dev is already the newest version (4.5.0-6+deb12u2).
tk-dev is already the newest version (8.6.13).
tcl-dev is already the newest version (8.6.13).
libharfbuzz-dev is already the newest version (6.0.0+dfsg-3).
libfribidi-dev is already the newest version (1.0.8-2.1).
libxcb1-dev is already the newest version (1.15-1).
espeak-ng is already the newest version (1.51+dfsg-10+deb12u2).
libespeak-ng1 is already the newest version (1.51+dfsg-10+deb12u2).
alsa-utils is already the newest version (1.2.8-1+rpt1).
libasound2-dev is already the newest version (1.2.8-1+rpt1).
git is already the newest version (1:2.39.5-0+deb12u2).
curl is already the newest version (7.88.1-10+deb12u14).
wget is already the newest version (1.21.3-1+deb12u1).
unzip is already the newest version (6.0-28).
sqlite3 is already the newest version (3.40.1-2+deb12u2).
nginx is already the newest version (1.22.1-9+deb12u3).
hostapd is already the newest version (2:2.10-12+deb12u3).
dnsmasq is already the newest version (2.90-4~deb12u1).
iptables-persistent is already the newest version (1.0.20).
cups is already the newest version (2.4.2-3+deb12u8).
cups-client is already the newest version (2.4.2-3+deb12u8).
cups-bsd is already the newest version (2.4.2-3+deb12u8).
printer-driver-all is already the newest version (0.20210903).
openssl is already the newest version (3.0.17-1~deb12u2+rpt1).
The following package was automatically installed and is no longer required:
  rpicam-apps-lite
Use 'sudo apt autoremove' to remove it.
0 upgraded, 0 newly installed, 0 to remove and 0 not upgraded.
[0;32m[SUCCESS][0m System dependencies installed
[0;34m[INFO][0m Copying application files to /opt/photobooth...
[0;32m[SUCCESS][0m Application files copied successfully
[0;34m[INFO][0m Setting up Python virtual environment...
Looking in indexes: https://pypi.org/simple, https://www.piwheels.org/simple
Requirement already satisfied: pip in ./venv/lib/python3.11/site-packages (23.0.1)
Collecting pip
  Using cached https://www.piwheels.org/simple/pip/pip-25.2-py3-none-any.whl (1.8 MB)
Collecting wheel
  Using cached https://www.piwheels.org/simple/wheel/wheel-0.45.1-py3-none-any.whl (72 kB)
Requirement already satisfied: setuptools in ./venv/lib/python3.11/site-packages (66.1.1)
Collecting setuptools
  Downloading https://www.piwheels.org/simple/setuptools/setuptools-80.9.0-py3-none-any.whl (1.2 MB)
     â”â”â”â”â”â”â”â”â”â”â”â”â”â”â”â”â”â”â”â”â”â”â”â”â”â”â”â”â”â”â”â”â”â”â”â”â”â”â”â” 1.2/1.2 MB 275.0 kB/s eta 0:00:00
Installing collected packages: wheel, setuptools, pip
  Attempting uninstall: setuptools
    Found existing installation: setuptools 66.1.1
    Uninstalling setuptools-66.1.1:
      Successfully uninstalled setuptools-66.1.1
  Attempting uninstall: pip
    Found existing installation: pip 23.0.1
    Uninstalling pip-23.0.1:
      Successfully uninstalled pip-23.0.1
Successfully installed pip-25.2 setuptools-80.9.0 wheel-0.45.1
Looking in indexes: https://pypi.org/simple, https://www.piwheels.org/simple
Collecting Flask==3.0.0 (from -r requirements.txt (line 2))
  Downloading https://www.piwheels.org/simple/flask/flask-3.0.0-py3-none-any.whl (99 kB)
Collecting Jinja2==3.1.2 (from -r requirements.txt (line 3))
  Downloading https://www.piwheels.org/simple/jinja2/Jinja2-3.1.2-py3-none-any.whl (133 kB)
Collecting Werkzeug==3.0.1 (from -r requirements.txt (line 4))
  Downloading https://www.piwheels.org/simple/werkzeug/werkzeug-3.0.1-py3-none-any.whl (226 kB)
Collecting Pillow==10.1.0 (from -r requirements.txt (line 7))
  Downloading Pillow-10.1.0-cp311-cp311-manylinux_2_28_aarch64.whl.metadata (9.5 kB)
Collecting pycups==2.0.1 (from -r requirements.txt (line 10))
  Downloading pycups-2.0.1.tar.gz (62 kB)
  Preparing metadata (setup.py): started
  Preparing metadata (setup.py): finished with status 'done'
Collecting pyttsx3==2.90 (from -r requirements.txt (line 13))
  Downloading pyttsx3-2.90-py3-none-any.whl.metadata (3.6 kB)
Collecting python-dotenv==1.0.0 (from -r requirements.txt (line 16))
  Downloading https://www.piwheels.org/simple/python-dotenv/python_dotenv-1.0.0-py3-none-any.whl (19 kB)
Collecting waitress==2.1.2 (from -r requirements.txt (line 19))
  Downloading https://www.piwheels.org/simple/waitress/waitress-2.1.2-py3-none-any.whl (57 kB)
Collecting requests==2.31.0 (from -r requirements.txt (line 22))
  Downloading https://www.piwheels.org/simple/requests/requests-2.31.0-py3-none-any.whl (62 kB)
Collecting itsdangerous>=2.1.2 (from Flask==3.0.0->-r requirements.txt (line 2))
  Downloading https://www.piwheels.org/simple/itsdangerous/itsdangerous-2.2.0-py3-none-any.whl (16 kB)
Collecting click>=8.1.3 (from Flask==3.0.0->-r requirements.txt (line 2))
  Downloading https://www.piwheels.org/simple/click/click-8.2.1-py3-none-any.whl (102 kB)
Collecting blinker>=1.6.2 (from Flask==3.0.0->-r requirements.txt (line 2))
  Downloading https://www.piwheels.org/simple/blinker/blinker-1.9.0-py3-none-any.whl (8.5 kB)
Collecting MarkupSafe>=2.0 (from Jinja2==3.1.2->-r requirements.txt (line 3))
  Downloading MarkupSafe-3.0.2-cp311-cp311-manylinux_2_17_aarch64.manylinux2014_aarch64.whl.metadata (4.0 kB)
Collecting charset-normalizer<4,>=2 (from requests==2.31.0->-r requirements.txt (line 22))
  Downloading charset_normalizer-3.4.3-cp311-cp311-manylinux2014_aarch64.manylinux_2_17_aarch64.manylinux_2_28_aarch64.whl.metadata (36 kB)
Collecting idna<4,>=2.5 (from requests==2.31.0->-r requirements.txt (line 22))
  Downloading https://www.piwheels.org/simple/idna/idna-3.10-py3-none-any.whl (70 kB)
WARNING: Retrying (Retry(total=4, connect=None, read=None, redirect=None, status=None)) after connection broken by 'ProtocolError('Connection aborted.', RemoteDisconnected('Remote end closed connection without response'))': /simple/urllib3/
Collecting urllib3<3,>=1.21.1 (from requests==2.31.0->-r requirements.txt (line 22))
  Downloading https://www.piwheels.org/simple/urllib3/urllib3-2.5.0-py3-none-any.whl (129 kB)
Collecting certifi>=2017.4.17 (from requests==2.31.0->-r requirements.txt (line 22))
  Downloading https://www.piwheels.org/simple/certifi/certifi-2025.8.3-py3-none-any.whl (161 kB)
Downloading Pillow-10.1.0-cp311-cp311-manylinux_2_28_aarch64.whl (3.5 MB)
   â”â”â”â”â”â”â”â”â”â”â”â”â”â”â”â”â”â”â”â”â”â”â”â”â”â”â”â”â”â”â”â”â”â”â”â”â”â”â”â” 3.5/3.5 MB 2.2 MB/s  0:00:01
Downloading pyttsx3-2.90-py3-none-any.whl (39 kB)
Downloading charset_normalizer-3.4.3-cp311-cp311-manylinux2014_aarch64.manylinux_2_17_aarch64.manylinux_2_28_aarch64.whl (145 kB)
Downloading MarkupSafe-3.0.2-cp311-cp311-manylinux_2_17_aarch64.manylinux2014_aarch64.whl (23 kB)
Building wheels for collected packages: pycups
  DEPRECATION: Building 'pycups' using the legacy setup.py bdist_wheel mechanism, which will be removed in a future version. pip 25.3 will enforce this behaviour change. A possible replacement is to use the standardized build interface by setting the `--use-pep517` option, (possibly combined with `--no-build-isolation`), or adding a `pyproject.toml` file to the source tree of 'pycups'. Discussion can be found at https://github.com/pypa/pip/issues/6334
  Building wheel for pycups (setup.py): started
  Building wheel for pycups (setup.py): finished with status 'error'
  error: subprocess-exited-with-error
  
  Ã— python setup.py bdist_wheel did not run successfully.
  â”‚ exit code: 1
  â•°â”€> [19 lines of output]
      /opt/photobooth/venv/lib/python3.11/site-packages/setuptools/dist.py:759: SetuptoolsDeprecationWarning: License classifiers are deprecated.
      !!
      
              ********************************************************************************
              Please consider removing the following classifiers in favor of a SPDX license expression:
      
              License :: OSI Approved :: GNU General Public License (GPL)
      
              See https://packaging.python.org/en/latest/guides/writing-pyproject-toml/#license for details.
              ********************************************************************************
      
      !!
        self._finalize_license_expression()
      In file included from cupsconnection.c:22:
      cupsconnection.h:26:10: fatal error: cups/http.h: No such file or directory
         26 | #include <cups/http.h>
            |          ^~~~~~~~~~~~~
      compilation terminated.
      error: command '/usr/bin/aarch64-linux-gnu-gcc' failed with exit code 1
      [end of output]
  
  note: This error originates from a subprocess, and is likely not a problem with pip.
  ERROR: Failed building wheel for pycups
  Running setup.py clean for pycups
Failed to build pycups
error: failed-wheel-build-for-install

Ã— Failed to build installable wheels for some pyproject.toml based projects
â•°â”€> pycups
[0;34m[INFO][0m Starting PhotoBooth installation on raspberrypi at Mon  8 Sep 22:52:13 EDT 2025
[0;34m[INFO][0m Checking OS compatibility...
[0;32m[SUCCESS][0m OS check completed
[0;34m[INFO][0m Updating system packages...

WARNING: apt does not have a stable CLI interface. Use with caution in scripts.

Hit:1 http://deb.debian.org/debian bookworm InRelease
Get:2 http://deb.debian.org/debian-security bookworm-security InRelease [48.0 kB]
Hit:3 http://deb.debian.org/debian bookworm-updates InRelease
Hit:4 https://download.docker.com/linux/debian bookworm InRelease
Hit:5 http://archive.raspberrypi.com/debian bookworm InRelease
Fetched 48.0 kB in 4s (11.0 kB/s)
Reading package lists...
Building dependency tree...
Reading state information...
All packages are up to date.

WARNING: apt does not have a stable CLI interface. Use with caution in scripts.

Reading package lists...
Building dependency tree...
Reading state information...
Calculating upgrade...
The following package was automatically installed and is no longer required:
  rpicam-apps-lite
Use 'sudo apt autoremove' to remove it.
0 upgraded, 0 newly installed, 0 to remove and 0 not upgraded.
[0;32m[SUCCESS][0m System updated successfully
[0;34m[INFO][0m Installing system dependencies...

WARNING: apt does not have a stable CLI interface. Use with caution in scripts.

Reading package lists...
Building dependency tree...
Reading state information...
python3 is already the newest version (3.11.2-1+b1).
python3-venv is already the newest version (3.11.2-1+b1).
python3-pip is already the newest version (23.0.1+dfsg-1+rpt1).
python3-dev is already the newest version (3.11.2-1+b1).
libjpeg-dev is already the newest version (1:2.1.5-2).
zlib1g-dev is already the newest version (1:1.2.13.dfsg-1+rpt1).
libfreetype6-dev is already the newest version (2.12.1+dfsg-5+deb12u4).
liblcms2-dev is already the newest version (2.14-2).
libopenjp2-7-dev is already the newest version (2.5.0-2+deb12u2).
libtiff5-dev is already the newest version (4.5.0-6+deb12u2).
tk-dev is already the newest version (8.6.13).
tcl-dev is already the newest version (8.6.13).
libharfbuzz-dev is already the newest version (6.0.0+dfsg-3).
libfribidi-dev is already the newest version (1.0.8-2.1).
libxcb1-dev is already the newest version (1.15-1).
espeak-ng is already the newest version (1.51+dfsg-10+deb12u2).
libespeak-ng1 is already the newest version (1.51+dfsg-10+deb12u2).
alsa-utils is already the newest version (1.2.8-1+rpt1).
libasound2-dev is already the newest version (1.2.8-1+rpt1).
git is already the newest version (1:2.39.5-0+deb12u2).
curl is already the newest version (7.88.1-10+deb12u14).
wget is already the newest version (1.21.3-1+deb12u1).
unzip is already the newest version (6.0-28).
sqlite3 is already the newest version (3.40.1-2+deb12u2).
nginx is already the newest version (1.22.1-9+deb12u3).
hostapd is already the newest version (2:2.10-12+deb12u3).
dnsmasq is already the newest version (2.90-4~deb12u1).
iptables-persistent is already the newest version (1.0.20).
cups is already the newest version (2.4.2-3+deb12u8).
cups-client is already the newest version (2.4.2-3+deb12u8).
cups-bsd is already the newest version (2.4.2-3+deb12u8).
printer-driver-all is already the newest version (0.20210903).
openssl is already the newest version (3.0.17-1~deb12u2+rpt1).
The following package was automatically installed and is no longer required:
  rpicam-apps-lite
Use 'sudo apt autoremove' to remove it.
0 upgraded, 0 newly installed, 0 to remove and 0 not upgraded.
[0;32m[SUCCESS][0m System dependencies installed
[0;34m[INFO][0m Copying application files to /opt/photobooth...
[0;32m[SUCCESS][0m Application files copied successfully
[0;34m[INFO][0m Setting up Python virtual environment...
Looking in indexes: https://pypi.org/simple, https://www.piwheels.org/simple
Requirement already satisfied: pip in ./venv/lib/python3.11/site-packages (25.2)
Requirement already satisfied: wheel in ./venv/lib/python3.11/site-packages (0.45.1)
Requirement already satisfied: setuptools in ./venv/lib/python3.11/site-packages (80.9.0)
Looking in indexes: https://pypi.org/simple, https://www.piwheels.org/simple
Collecting Flask==3.0.0 (from -r requirements.txt (line 2))
  Using cached https://www.piwheels.org/simple/flask/flask-3.0.0-py3-none-any.whl (99 kB)
Collecting Jinja2==3.1.2 (from -r requirements.txt (line 3))
  Using cached https://www.piwheels.org/simple/jinja2/Jinja2-3.1.2-py3-none-any.whl (133 kB)
Collecting Werkzeug==3.0.1 (from -r requirements.txt (line 4))
  Using cached https://www.piwheels.org/simple/werkzeug/werkzeug-3.0.1-py3-none-any.whl (226 kB)
Collecting Pillow==10.1.0 (from -r requirements.txt (line 7))
  Using cached Pillow-10.1.0-cp311-cp311-manylinux_2_28_aarch64.whl.metadata (9.5 kB)
Collecting pycups==2.0.1 (from -r requirements.txt (line 10))
  Using cached pycups-2.0.1.tar.gz (62 kB)
  Preparing metadata (setup.py): started
  Preparing metadata (setup.py): finished with status 'done'
Collecting pyttsx3==2.90 (from -r requirements.txt (line 13))
  Using cached pyttsx3-2.90-py3-none-any.whl.metadata (3.6 kB)
Collecting python-dotenv==1.0.0 (from -r requirements.txt (line 16))
  Using cached https://www.piwheels.org/simple/python-dotenv/python_dotenv-1.0.0-py3-none-any.whl (19 kB)
Collecting waitress==2.1.2 (from -r requirements.txt (line 19))
  Using cached https://www.piwheels.org/simple/waitress/waitress-2.1.2-py3-none-any.whl (57 kB)
Collecting requests==2.31.0 (from -r requirements.txt (line 22))
  Using cached https://www.piwheels.org/simple/requests/requests-2.31.0-py3-none-any.whl (62 kB)
Collecting itsdangerous>=2.1.2 (from Flask==3.0.0->-r requirements.txt (line 2))
  Using cached https://www.piwheels.org/simple/itsdangerous/itsdangerous-2.2.0-py3-none-any.whl (16 kB)
Collecting click>=8.1.3 (from Flask==3.0.0->-r requirements.txt (line 2))
  Using cached https://www.piwheels.org/simple/click/click-8.2.1-py3-none-any.whl (102 kB)
Collecting blinker>=1.6.2 (from Flask==3.0.0->-r requirements.txt (line 2))
  Using cached https://www.piwheels.org/simple/blinker/blinker-1.9.0-py3-none-any.whl (8.5 kB)
Collecting MarkupSafe>=2.0 (from Jinja2==3.1.2->-r requirements.txt (line 3))
  Using cached MarkupSafe-3.0.2-cp311-cp311-manylinux_2_17_aarch64.manylinux2014_aarch64.whl.metadata (4.0 kB)
WARNING: Retrying (Retry(total=4, connect=None, read=None, redirect=None, status=None)) after connection broken by 'ProtocolError('Connection aborted.', RemoteDisconnected('Remote end closed connection without response'))': /simple/charset-normalizer/
Collecting charset-normalizer<4,>=2 (from requests==2.31.0->-r requirements.txt (line 22))
  Using cached charset_normalizer-3.4.3-cp311-cp311-manylinux2014_aarch64.manylinux_2_17_aarch64.manylinux_2_28_aarch64.whl.metadata (36 kB)
Collecting idna<4,>=2.5 (from requests==2.31.0->-r requirements.txt (line 22))
  Using cached https://www.piwheels.org/simple/idna/idna-3.10-py3-none-any.whl (70 kB)
Collecting urllib3<3,>=1.21.1 (from requests==2.31.0->-r requirements.txt (line 22))
  Using cached https://www.piwheels.org/simple/urllib3/urllib3-2.5.0-py3-none-any.whl (129 kB)
Collecting certifi>=2017.4.17 (from requests==2.31.0->-r requirements.txt (line 22))
  Using cached https://www.piwheels.org/simple/certifi/certifi-2025.8.3-py3-none-any.whl (161 kB)
Using cached Pillow-10.1.0-cp311-cp311-manylinux_2_28_aarch64.whl (3.5 MB)
Using cached pyttsx3-2.90-py3-none-any.whl (39 kB)
Using cached charset_normalizer-3.4.3-cp311-cp311-manylinux2014_aarch64.manylinux_2_17_aarch64.manylinux_2_28_aarch64.whl (145 kB)
Using cached MarkupSafe-3.0.2-cp311-cp311-manylinux_2_17_aarch64.manylinux2014_aarch64.whl (23 kB)
Building wheels for collected packages: pycups
  DEPRECATION: Building 'pycups' using the legacy setup.py bdist_wheel mechanism, which will be removed in a future version. pip 25.3 will enforce this behaviour change. A possible replacement is to use the standardized build interface by setting the `--use-pep517` option, (possibly combined with `--no-build-isolation`), or adding a `pyproject.toml` file to the source tree of 'pycups'. Discussion can be found at https://github.com/pypa/pip/issues/6334
  Building wheel for pycups (setup.py): started
  Building wheel for pycups (setup.py): finished with status 'done'
  Created wheel for pycups: filename=pycups-2.0.1-cp311-cp311-linux_aarch64.whl size=224778 sha256=0036dcd92af6a1371b3fe00813805b687e92498e384abeea34afd4df0d9706ae
  Stored in directory: /home/chartmann/.cache/pip/wheels/ea/4f/e1/5867936f1c42223b5b6a524223de01f06e686422e186004147
Successfully built pycups
Installing collected packages: pyttsx3, pycups, waitress, urllib3, python-dotenv, Pillow, MarkupSafe, itsdangerous, idna, click, charset-normalizer, certifi, blinker, Werkzeug, requests, Jinja2, Flask

Successfully installed Flask-3.0.0 Jinja2-3.1.2 MarkupSafe-3.0.2 Pillow-10.1.0 Werkzeug-3.0.1 blinker-1.9.0 certifi-2025.8.3 charset-normalizer-3.4.3 click-8.2.1 idna-3.10 itsdangerous-2.2.0 pycups-2.0.1 python-dotenv-1.0.0 pyttsx3-2.90 requests-2.31.0 urllib3-2.5.0 waitress-2.1.2
[0;32m[SUCCESS][0m Python environment configured
[0;34m[INFO][0m Creating environment configuration...
cp: cannot stat '.env.example': No such file or directory
