[0;34m[INFO][0m Starting PhotoBooth installation on raspberrypi at Mon  8 Sep 22:52:13 EDT 2025
[0;34m[INFO][0m Checking OS compatibility...
[0;32m[SUCCESS][0m OS check completed
[0;34m[INFO][0m Updating system packages...

WARNING: apt does not have a stable CLI interface. Use with caution in scripts.

Hit:1 http://deb.debian.org/debian bookworm InRelease
Get:2 http://deb.debian.org/debian-security bookworm-security InRelease [48.0 kB]
Hit:3 http://deb.debian.org/debian bookworm-updates InRelease
Hit:4 https://download.docker.com/linux/debian bookworm InRelease
Hit:5 http://archive.raspberrypi.com/debian bookworm InRelease
Fetched 48.0 kB in 4s (11.0 kB/s)
Reading package lists...
Building dependency tree...
Reading state information...
All packages are up to date.

WARNING: apt does not have a stable CLI interface. Use with caution in scripts.

Reading package lists...
Building dependency tree...
Reading state information...
Calculating upgrade...
The following package was automatically installed and is no longer required:
  rpicam-apps-lite
Use 'sudo apt autoremove' to remove it.
0 upgraded, 0 newly installed, 0 to remove and 0 not upgraded.
[0;32m[SUCCESS][0m System updated successfully
[0;34m[INFO][0m Installing system dependencies...

WARNING: apt does not have a stable CLI interface. Use with caution in scripts.

Reading package lists...
Building dependency tree...
Reading state information...
python3 is already the newest version (3.11.2-1+b1).
python3-venv is already the newest version (3.11.2-1+b1).
python3-pip is already the newest version (23.0.1+dfsg-1+rpt1).
python3-dev is already the newest version (3.11.2-1+b1).
libjpeg-dev is already the newest version (1:2.1.5-2).
zlib1g-dev is already the newest version (1:1.2.13.dfsg-1+rpt1).
libfreetype6-dev is already the newest version (2.12.1+dfsg-5+deb12u4).
liblcms2-dev is already the newest version (2.14-2).
libopenjp2-7-dev is already the newest version (2.5.0-2+deb12u2).
libtiff5-dev is already the newest version (4.5.0-6+deb12u2).
tk-dev is already the newest version (8.6.13).
tcl-dev is already the newest version (8.6.13).
libharfbuzz-dev is already the newest version (6.0.0+dfsg-3).
libfribidi-dev is already the newest version (1.0.8-2.1).
libxcb1-dev is already the newest version (1.15-1).
espeak-ng is already the newest version (1.51+dfsg-10+deb12u2).
libespeak-ng1 is already the newest version (1.51+dfsg-10+deb12u2).
alsa-utils is already the newest version (1.2.8-1+rpt1).
libasound2-dev is already the newest version (1.2.8-1+rpt1).
git is already the newest version (1:2.39.5-0+deb12u2).
curl is already the newest version (7.88.1-10+deb12u14).
wget is already the newest version (1.21.3-1+deb12u1).
unzip is already the newest version (6.0-28).
sqlite3 is already the newest version (3.40.1-2+deb12u2).
nginx is already the newest version (1.22.1-9+deb12u3).
hostapd is already the newest version (2:2.10-12+deb12u3).
dnsmasq is already the newest version (2.90-4~deb12u1).
iptables-persistent is already the newest version (1.0.20).
cups is already the newest version (2.4.2-3+deb12u8).
cups-client is already the newest version (2.4.2-3+deb12u8).
cups-bsd is already the newest version (2.4.2-3+deb12u8).
printer-driver-all is already the newest version (0.20210903).
openssl is already the newest version (3.0.17-1~deb12u2+rpt1).
The following package was automatically installed and is no longer required:
  rpicam-apps-lite
Use 'sudo apt autoremove' to remove it.
0 upgraded, 0 newly installed, 0 to remove and 0 not upgraded.
[0;32m[SUCCESS][0m System dependencies installed
[0;34m[INFO][0m Copying application files to /opt/photobooth...
